This is pdfTeX, Version 3.14159265-2.6-1.40.17 (TeX Live 2016) (preloaded format=pdflatex 2016.10.24)  29 OCT 2016 13:23
entering extended mode
 restricted \write18 enabled.
 file:line:error style messages enabled.
 %&-line parsing enabled.
**\input book.tex
(./book.tex (/opt/texlive/2016/texmf-dist/tex/latex/base/book.cls
Document Class: book 2014/09/29 v1.4h Standard LaTeX document class
(/opt/texlive/2016/texmf-dist/tex/latex/base/bk10.clo
File: bk10.clo 2014/09/29 v1.4h Standard LaTeX file (size option)
)
\c@part=\count79
\c@chapter=\count80
\c@section=\count81
\c@subsection=\count82
\c@subsubsection=\count83
\c@paragraph=\count84
\c@subparagraph=\count85
\c@figure=\count86
\c@table=\count87
\abovecaptionskip=\skip41
\belowcaptionskip=\skip42
\bibindent=\dimen102
)
(/opt/texlive/2016/texmf-dist/tex/latex/fancyhdr/fancyhdr.sty
Package: fancyhdr 2016/09/06 3.8 Extensive control of page headers and footers
\fancy@headwidth=\skip43
\f@ncyO@elh=\skip44
\f@ncyO@erh=\skip45
\f@ncyO@olh=\skip46
\f@ncyO@orh=\skip47
\f@ncyO@elf=\skip48
\f@ncyO@erf=\skip49
\f@ncyO@olf=\skip50
\f@ncyO@orf=\skip51
)
(/opt/texlive/2016/texmf-dist/tex/latex/graphics/graphicx.sty
Package: graphicx 2014/10/28 v1.0g Enhanced LaTeX Graphics (DPC,SPQR)

(/opt/texlive/2016/texmf-dist/tex/latex/graphics/keyval.sty
Package: keyval 2014/10/28 v1.15 key=value parser (DPC)
\KV@toks@=\toks14
)
(/opt/texlive/2016/texmf-dist/tex/latex/graphics/graphics.sty
Package: graphics 2016/07/10 v1.0t Standard LaTeX Graphics (DPC,SPQR)

(/opt/texlive/2016/texmf-dist/tex/latex/graphics/trig.sty
Package: trig 2016/01/03 v1.10 sin cos tan (DPC)
)
(/opt/texlive/2016/texmf-dist/tex/latex/graphics-cfg/graphics.cfg
File: graphics.cfg 2016/06/04 v1.11 sample graphics configuration
)
Package graphics Info: Driver file: pdftex.def on input line 99.

(/opt/texlive/2016/texmf-dist/tex/latex/graphics-def/pdftex.def
File: pdftex.def 2016/07/10 v0.06j Graphics/color for pdfTeX

(/opt/texlive/2016/texmf-dist/tex/generic/oberdiek/infwarerr.sty
Package: infwarerr 2016/05/16 v1.4 Providing info/warning/error messages (HO)
)
(/opt/texlive/2016/texmf-dist/tex/generic/oberdiek/ltxcmds.sty
Package: ltxcmds 2016/05/16 v1.23 LaTeX kernel commands for general use (HO)
)
\Gread@gobject=\count88
))
\Gin@req@height=\dimen103
\Gin@req@width=\dimen104
)
(/opt/texlive/2016/texmf-dist/tex/latex/url/url.sty
\Urlmuskip=\muskip10
Package: url 2013/09/16  ver 3.4  Verb mode for urls, etc.
)
(/opt/texlive/2016/texmf-dist/tex/latex/base/makeidx.sty
Package: makeidx 2014/09/29 v1.0m Standard LaTeX package
)
\@indexfile=\write3
\openout3 = `book.idx'.


Writing index file book.idx
(./footmisc.sty
Package: footmisc 2011/06/06 v5.5b a miscellany of footnote facilities
\FN@temptoken=\toks15
\footnotemargin=\dimen105
\c@pp@next@reset=\count89
Package footmisc Info: Declaring symbol style bringhurst on input line 855.
Package footmisc Info: Declaring symbol style chicago on input line 863.
Package footmisc Info: Declaring symbol style wiley on input line 872.
Package footmisc Info: Declaring symbol style lamport-robust on input line 883.

Package footmisc Info: Declaring symbol style lamport* on input line 903.
Package footmisc Info: Declaring symbol style lamport*-robust on input line 924
.
) (/opt/texlive/2016/texmf-dist/tex/latex/amsmath/amsmath.sty
Package: amsmath 2016/06/28 v2.15d AMS math features
\@mathmargin=\skip52

For additional information on amsmath, use the `?' option.
(/opt/texlive/2016/texmf-dist/tex/latex/amsmath/amstext.sty
Package: amstext 2000/06/29 v2.01 AMS text

(/opt/texlive/2016/texmf-dist/tex/latex/amsmath/amsgen.sty
File: amsgen.sty 1999/11/30 v2.0 generic functions
\@emptytoks=\toks16
\ex@=\dimen106
))
(/opt/texlive/2016/texmf-dist/tex/latex/amsmath/amsbsy.sty
Package: amsbsy 1999/11/29 v1.2d Bold Symbols
\pmbraise@=\dimen107
)
(/opt/texlive/2016/texmf-dist/tex/latex/amsmath/amsopn.sty
Package: amsopn 2016/03/08 v2.02 operator names
)
\inf@bad=\count90
LaTeX Info: Redefining \frac on input line 199.
\uproot@=\count91
\leftroot@=\count92
LaTeX Info: Redefining \overline on input line 297.
\classnum@=\count93
\DOTSCASE@=\count94
LaTeX Info: Redefining \ldots on input line 394.
LaTeX Info: Redefining \dots on input line 397.
LaTeX Info: Redefining \cdots on input line 518.
\Mathstrutbox@=\box26
\strutbox@=\box27
\big@size=\dimen108
LaTeX Font Info:    Redeclaring font encoding OML on input line 634.
LaTeX Font Info:    Redeclaring font encoding OMS on input line 635.
\macc@depth=\count95
\c@MaxMatrixCols=\count96
\dotsspace@=\muskip11
\c@parentequation=\count97
\dspbrk@lvl=\count98
\tag@help=\toks17
\row@=\count99
\column@=\count100
\maxfields@=\count101
\andhelp@=\toks18
\eqnshift@=\dimen109
\alignsep@=\dimen110
\tagshift@=\dimen111
\tagwidth@=\dimen112
\totwidth@=\dimen113
\lineht@=\dimen114
\@envbody=\toks19
\multlinegap=\skip53
\multlinetaggap=\skip54
\mathdisplay@stack=\toks20
LaTeX Info: Redefining \[ on input line 2739.
LaTeX Info: Redefining \] on input line 2740.
)
(/opt/texlive/2016/texmf-dist/tex/latex/amscls/amsthm.sty
Package: amsthm 2015/03/04 v2.20.2
\thm@style=\toks21
\thm@bodyfont=\toks22
\thm@headfont=\toks23
\thm@notefont=\toks24
\thm@headpunct=\toks25
\thm@preskip=\skip55
\thm@postskip=\skip56
\thm@headsep=\skip57
\dth@everypar=\toks26
)
(/opt/texlive/2016/texmf-dist/tex/latex/amsfonts/amssymb.sty
Package: amssymb 2013/01/14 v3.01 AMS font symbols

(/opt/texlive/2016/texmf-dist/tex/latex/amsfonts/amsfonts.sty
Package: amsfonts 2013/01/14 v3.01 Basic AMSFonts support
\symAMSa=\mathgroup4
\symAMSb=\mathgroup5
LaTeX Font Info:    Overwriting math alphabet `\mathfrak' in version `bold'
(Font)                  U/euf/m/n --> U/euf/b/n on input line 106.
)) (./hevea.sty
Package: hevea 2002/01/11

(./comment.sty
\CommentStream=\write4
 Excluding comment 'comment')
\c@cuttingdepth=\count102
 Excluding comment 'rawhtml'
Excluding comment 'htmlonly'
\@bgcolorbin=\box28
)
(/opt/texlive/2016/texmf-dist/tex/latex/upquote/upquote.sty
Package: upquote 2012/04/19 v1.3 upright-quote and grave-accent glyphs in verba
tim
)
(/opt/texlive/2016/texmf-dist/tex/latex/oberdiek/bookmark.sty
Package: bookmark 2016/05/17 v1.26 PDF bookmarks (HO)

(/opt/texlive/2016/texmf-dist/tex/generic/oberdiek/pdfescape.sty
Package: pdfescape 2016/05/16 v1.14 Implements pdfTeX's escape features (HO)

(/opt/texlive/2016/texmf-dist/tex/generic/oberdiek/pdftexcmds.sty
Package: pdftexcmds 2016/05/21 v0.22 Utility functions of pdfTeX for LuaTeX (HO
)

(/opt/texlive/2016/texmf-dist/tex/generic/oberdiek/ifluatex.sty
Package: ifluatex 2016/05/16 v1.4 Provides the ifluatex switch (HO)
Package ifluatex Info: LuaTeX not detected.
)
(/opt/texlive/2016/texmf-dist/tex/generic/oberdiek/ifpdf.sty
Package: ifpdf 2016/05/14 v3.1 Provides the ifpdf switch
)
Package pdftexcmds Info: LuaTeX not detected.
Package pdftexcmds Info: \pdf@primitive is available.
Package pdftexcmds Info: \pdf@ifprimitive is available.
Package pdftexcmds Info: \pdfdraftmode found.
))
(/opt/texlive/2016/texmf-dist/tex/generic/ifxetex/ifxetex.sty
Package: ifxetex 2010/09/12 v0.6 Provides ifxetex conditional
)
(/opt/texlive/2016/texmf-dist/tex/generic/oberdiek/ifvtex.sty
Package: ifvtex 2016/05/16 v1.6 Detect VTeX and its facilities (HO)
Package ifvtex Info: VTeX not detected.
)
(/opt/texlive/2016/texmf-dist/tex/latex/hyperref/hyperref.sty
Package: hyperref 2016/06/24 v6.83q Hypertext links for LaTeX

(/opt/texlive/2016/texmf-dist/tex/generic/oberdiek/hobsub-hyperref.sty
Package: hobsub-hyperref 2016/05/16 v1.14 Bundle oberdiek, subset hyperref (HO)


(/opt/texlive/2016/texmf-dist/tex/generic/oberdiek/hobsub-generic.sty
Package: hobsub-generic 2016/05/16 v1.14 Bundle oberdiek, subset generic (HO)
Package: hobsub 2016/05/16 v1.14 Construct package bundles (HO)
Package hobsub Info: Skipping package `infwarerr' (already loaded).
Package hobsub Info: Skipping package `ltxcmds' (already loaded).
Package hobsub Info: Skipping package `ifluatex' (already loaded).
Package hobsub Info: Skipping package `ifvtex' (already loaded).
Package: intcalc 2016/05/16 v1.2 Expandable calculations with integers (HO)
Package hobsub Info: Skipping package `ifpdf' (already loaded).
Package: etexcmds 2016/05/16 v1.6 Avoid name clashes with e-TeX commands (HO)
Package etexcmds Info: Could not find \expanded.
(etexcmds)             That can mean that you are not using pdfTeX 1.50 or
(etexcmds)             that some package has redefined \expanded.
(etexcmds)             In the latter case, load this package earlier.
Package: kvsetkeys 2016/05/16 v1.17 Key value parser (HO)
Package: kvdefinekeys 2016/05/16 v1.4 Define keys (HO)
Package hobsub Info: Skipping package `pdftexcmds' (already loaded).
Package hobsub Info: Skipping package `pdfescape' (already loaded).
Package: bigintcalc 2016/05/16 v1.4 Expandable calculations on big integers (HO
)
Package: bitset 2016/05/16 v1.2 Handle bit-vector datatype (HO)
Package: uniquecounter 2016/05/16 v1.3 Provide unlimited unique counter (HO)
)
Package hobsub Info: Skipping package `hobsub' (already loaded).
Package: letltxmacro 2016/05/16 v1.5 Let assignment for LaTeX macros (HO)
Package: hopatch 2016/05/16 v1.3 Wrapper for package hooks (HO)
Package: xcolor-patch 2016/05/16 xcolor patch
Package: atveryend 2016/05/16 v1.9 Hooks at the very end of document (HO)
Package atveryend Info: \enddocument detected (standard20110627).
Package: atbegshi 2016/06/09 v1.18 At begin shipout hook (HO)
Package: refcount 2016/05/16 v3.5 Data extraction from label references (HO)
Package: hycolor 2016/05/16 v1.8 Color options for hyperref/bookmark (HO)
)
(/opt/texlive/2016/texmf-dist/tex/latex/oberdiek/auxhook.sty
Package: auxhook 2016/05/16 v1.4 Hooks for auxiliary files (HO)
)
(/opt/texlive/2016/texmf-dist/tex/latex/oberdiek/kvoptions.sty
Package: kvoptions 2016/05/16 v3.12 Key value format for package options (HO)
)
\@linkdim=\dimen115
\Hy@linkcounter=\count103
\Hy@pagecounter=\count104

(/opt/texlive/2016/texmf-dist/tex/latex/hyperref/pd1enc.def
File: pd1enc.def 2016/06/24 v6.83q Hyperref: PDFDocEncoding definition (HO)
)
\Hy@SavedSpaceFactor=\count105

(/opt/texlive/2016/texmf-dist/tex/latex/latexconfig/hyperref.cfg
File: hyperref.cfg 2002/06/06 v1.2 hyperref configuration of TeXLive
)
Package hyperref Info: Hyper figures OFF on input line 4486.
Package hyperref Info: Link nesting OFF on input line 4491.
Package hyperref Info: Hyper index ON on input line 4494.
Package hyperref Info: Plain pages OFF on input line 4501.
Package hyperref Info: Backreferencing OFF on input line 4506.
Package hyperref Info: Implicit mode ON; LaTeX internals redefined.
Package hyperref Info: Bookmarks ON on input line 4735.
\c@Hy@tempcnt=\count106
LaTeX Info: Redefining \url on input line 5088.
\XeTeXLinkMargin=\dimen116
\Fld@menulength=\count107
\Field@Width=\dimen117
\Fld@charsize=\dimen118
Package hyperref Info: Hyper figures OFF on input line 6342.
Package hyperref Info: Link nesting OFF on input line 6347.
Package hyperref Info: Hyper index ON on input line 6350.
Package hyperref Info: backreferencing OFF on input line 6357.
Package hyperref Info: Link coloring OFF on input line 6362.
Package hyperref Info: Link coloring with OCG OFF on input line 6367.
Package hyperref Info: PDF/A mode OFF on input line 6372.
LaTeX Info: Redefining \ref on input line 6412.
LaTeX Info: Redefining \pageref on input line 6416.
\Hy@abspage=\count108
\c@Item=\count109
\c@Hfootnote=\count110
)

Package hyperref Message: Driver (autodetected): hpdftex.

(/opt/texlive/2016/texmf-dist/tex/latex/hyperref/hpdftex.def
File: hpdftex.def 2016/06/24 v6.83q Hyperref driver for pdfTeX
\Fld@listcount=\count111
\c@bookmark@seq@number=\count112

(/opt/texlive/2016/texmf-dist/tex/latex/oberdiek/rerunfilecheck.sty
Package: rerunfilecheck 2016/05/16 v1.8 Rerun checks for auxiliary files (HO)
Package uniquecounter Info: New unique counter `rerunfilecheck' on input line 2
82.
)
\Hy@SectionHShift=\skip58
)
(/opt/texlive/2016/texmf-dist/tex/latex/oberdiek/bkm-pdftex.def
File: bkm-pdftex.def 2016/05/17 v1.26 bookmark driver for pdfTeX (HO)
\BKM@id=\count113
)) (./book.aux)
\openout1 = `book.aux'.

LaTeX Font Info:    Checking defaults for OML/cmm/m/it on input line 60.
LaTeX Font Info:    ... okay on input line 60.
LaTeX Font Info:    Checking defaults for T1/cmr/m/n on input line 60.
LaTeX Font Info:    ... okay on input line 60.
LaTeX Font Info:    Checking defaults for OT1/cmr/m/n on input line 60.
LaTeX Font Info:    ... okay on input line 60.
LaTeX Font Info:    Checking defaults for OMS/cmsy/m/n on input line 60.
LaTeX Font Info:    ... okay on input line 60.
LaTeX Font Info:    Checking defaults for OMX/cmex/m/n on input line 60.
LaTeX Font Info:    ... okay on input line 60.
LaTeX Font Info:    Checking defaults for U/cmr/m/n on input line 60.
LaTeX Font Info:    ... okay on input line 60.
LaTeX Font Info:    Checking defaults for PD1/pdf/m/n on input line 60.
LaTeX Font Info:    ... okay on input line 60.

(/opt/texlive/2016/texmf-dist/tex/context/base/mkii/supp-pdf.mkii
[Loading MPS to PDF converter (version 2006.09.02).]
\scratchcounter=\count114
\scratchdimen=\dimen119
\scratchbox=\box29
\nofMPsegments=\count115
\nofMParguments=\count116
\everyMPshowfont=\toks27
\MPscratchCnt=\count117
\MPscratchDim=\dimen120
\MPnumerator=\count118
\makeMPintoPDFobject=\count119
\everyMPtoPDFconversion=\toks28
) (/opt/texlive/2016/texmf-dist/tex/latex/oberdiek/epstopdf-base.sty
Package: epstopdf-base 2016/05/15 v2.6 Base part for package epstopdf

(/opt/texlive/2016/texmf-dist/tex/latex/oberdiek/grfext.sty
Package: grfext 2016/05/16 v1.2 Manage graphics extensions (HO)
)
Package epstopdf-base Info: Redefining graphics rule for `.eps' on input line 4
38.
Package grfext Info: Graphics extension search list:
(grfext)             [.png,.pdf,.jpg,.mps,.jpeg,.jbig2,.jb2,.PNG,.PDF,.JPG,.JPE
G,.JBIG2,.JB2,.eps]
(grfext)             \AppendGraphicsExtensions on input line 456.

(/opt/texlive/2016/texmf-dist/tex/latex/latexconfig/epstopdf-sys.cfg
File: epstopdf-sys.cfg 2010/07/13 v1.3 Configuration of (r)epstopdf for TeX Liv
e
))
\AtBeginShipoutBox=\box30
Package hyperref Info: Link coloring OFF on input line 60.

(/opt/texlive/2016/texmf-dist/tex/latex/hyperref/nameref.sty
Package: nameref 2016/05/21 v2.44 Cross-referencing by name of section

(/opt/texlive/2016/texmf-dist/tex/generic/oberdiek/gettitlestring.sty
Package: gettitlestring 2016/05/16 v1.5 Cleanup title references (HO)
)
\c@section@level=\count120
)
LaTeX Info: Redefining \ref on input line 60.
LaTeX Info: Redefining \pageref on input line 60.
LaTeX Info: Redefining \nameref on input line 60.

(./latexonly)
LaTeX Font Info:    Try loading font information for U+msa on input line 83.
 (/opt/texlive/2016/texmf-dist/tex/latex/amsfonts/umsa.fd
File: umsa.fd 2013/01/14 v3.01 AMS symbols A
)
LaTeX Font Info:    Try loading font information for U+msb on input line 83.

(/opt/texlive/2016/texmf-dist/tex/latex/amsfonts/umsb.fd
File: umsb.fd 2013/01/14 v3.01 AMS symbols B
)
LaTeX Font Info:    Try loading font information for OMS+cmr on input line 83.

(/opt/texlive/2016/texmf-dist/tex/latex/base/omscmr.fd
File: omscmr.fd 2014/09/29 v2.5h Standard LaTeX font definitions
)
LaTeX Font Info:    Font shape `OMS/cmr/m/n' in size <5> not available
(Font)              Font shape `OMS/cmsy/m/n' tried instead on input line 83.
 [1



{/opt/texlive/2016/texmf-var/fonts/map/pdftex/updmap/pdftex.map}] Excluding 'ht
mlonly' comment.
[2]
LaTeX Font Info:    Font shape `OMS/cmr/m/n' in size <10> not available
(Font)              Font shape `OMS/cmsy/m/n' tried instead on input line 161.

Underfull \hbox (badness 10000) in paragraph at lines 186--188
[]\OT1/cmr/m/n/10 If you have sug-ges-tions and cor-rec-tions, please send them
 to
 []


Underfull \hbox (badness 10000) in paragraph at lines 189--191

 []

[3

] [4] (./book.toc [5

] [6] [7] [8] [9])
\tf@toc=\write5
\openout5 = `book.toc'.

 [10]
Chapter 1.
[1


] [2] [3]
LaTeX Font Info:    Font shape `OMS/cmr/m/n' in size <7> not available
(Font)              Font shape `OMS/cmsy/m/n' tried instead on input line 461.
LaTeX Font Info:    Font shape `OMS/cmr/m/n' in size <6> not available
(Font)              Font shape `OMS/cmsy/m/n' tried instead on input line 462.
 [4] [5] [6] [7] [8] [9] [10]
\c@ex=\count121
 [11] [12

]
Chapter 2.
[13] [14] [15] [16] [17] [18] [19] [20] [21] [22

]
Chapter 3.
[23] [24] [25] [26] [27] [28]
Underfull \vbox (badness 1418) has occurred while \output is active []

 [29]
[30] [31] [32

]
Chapter 4.
[33] [34]
Overfull \hbox (6.74693pt too wide) in paragraph at lines 2139--2139
[]\OT1/cmtt/m/n/10 Error: The expression to the left of the equals sign is not 
a valid[] 
 []

[35] [36] [37] [38] [39] [40] [41] [42] [43] [44] [45]
LaTeX Font Info:    Font shape `OMS/cmr/m/it' in size <10> not available
(Font)              Font shape `OMS/cmsy/m/n' tried instead on input line 2869.

 [46] [47] [48

]
Chapter 5.
[49] [50] [51] [52] [53] [54] [55] [56] [57] [58] [59] [60] [61] [62] [63]
[64

]
Chapter 6.
[65] [66] [67]
Package epstopdf Info: Source file: <figs/secant.eps>
(epstopdf)                    date: 2016-10-02 14:09:54
(epstopdf)                    size: 3658 bytes
(epstopdf)             Output file: <figs/secant-eps-converted-to.pdf>
(epstopdf)                    date: 2016-10-02 14:09:54
(epstopdf)                    size: 4317 bytes
(epstopdf)             Command: <repstopdf --outfile=figs/secant-eps-converted-
to.pdf figs/secant.eps>
(epstopdf)             \includegraphics on input line 4082.
Package epstopdf Info: Output file is already uptodate.

<figs/secant-eps-converted-to.pdf, id=690, 218.8175pt x 167.62625pt>
File: figs/secant-eps-converted-to.pdf Graphic file (type pdf)

<use figs/secant-eps-converted-to.pdf>
Package pdftex.def Info: figs/secant-eps-converted-to.pdf used on input line 40
82.
(pdftex.def)             Requested size: 141.50848pt x 108.405pt.
 [68] [69 <./figs/secant-eps-converted-to.pdf>] [70] [71]
Overfull \hbox (1.49698pt too wide) in paragraph at lines 4304--4304
[]\OT1/cmtt/m/n/10 The function values at the interval endpoints must differ in
 sign.[] 
 []

[72] [73] [74] [75] [76] [77] [78

]
Chapter 7.
[79]
Package epstopdf Info: Source file: <figs/model.eps>
(epstopdf)                    date: 2016-10-02 14:09:54
(epstopdf)                    size: 5390 bytes
(epstopdf)             Output file: <figs/model-eps-converted-to.pdf>
(epstopdf)                    date: 2016-10-02 14:09:54
(epstopdf)                    size: 6108 bytes
(epstopdf)             Command: <repstopdf --outfile=figs/model-eps-converted-t
o.pdf figs/model.eps>
(epstopdf)             \includegraphics on input line 4693.
Package epstopdf Info: Output file is already uptodate.
 <figs/model-eps-converted-to.pdf, id=759, 327.2225pt x 213.79875pt>
File: figs/model-eps-converted-to.pdf Graphic file (type pdf)

<use figs/model-eps-converted-to.pdf>
Package pdftex.def Info: figs/model-eps-converted-to.pdf used on input line 469
3.
(pdftex.def)             Requested size: 165.91261pt x 108.405pt.
 [80 <./figs/model-eps-converted-to.pdf>]
[81] [82] [83] [84] [85] [86] [87] [88]
Chapter 8.
[89

] [90] [91] [92] [93]
Package epstopdf Info: Source file: <figs/rats.eps>
(epstopdf)                    date: 2016-10-02 14:09:54
(epstopdf)                    size: 9842 bytes
(epstopdf)             Output file: <figs/rats-eps-converted-to.pdf>
(epstopdf)                    date: 2016-10-02 14:09:54
(epstopdf)                    size: 7496 bytes
(epstopdf)             Command: <repstopdf --outfile=figs/rats-eps-converted-to
.pdf figs/rats.eps>
(epstopdf)             \includegraphics on input line 5522.
Package epstopdf Info: Output file is already uptodate.

<figs/rats-eps-converted-to.pdf, id=841, 475.7775pt x 357.335pt>
File: figs/rats-eps-converted-to.pdf Graphic file (type pdf)

<use figs/rats-eps-converted-to.pdf>
Package pdftex.def Info: figs/rats-eps-converted-to.pdf used on input line 5522
.
(pdftex.def)             Requested size: 192.44925pt x 144.54pt.
 [94 <./figs/rats-eps-converted-to.pdf>]
[95]
Package epstopdf Info: Source file: <figs/ode45_simple.eps>
(epstopdf)                    date: 2016-10-02 14:09:54
(epstopdf)                    size: 27046 bytes
(epstopdf)             Output file: <figs/ode45_simple-eps-converted-to.pdf>
(epstopdf)                    date: 2016-10-02 14:09:54
(epstopdf)                    size: 7277 bytes
(epstopdf)             Command: <repstopdf --outfile=figs/ode45_simple-eps-conv
erted-to.pdf figs/ode45_simple.eps>
(epstopdf)             \includegraphics on input line 5616.
Package epstopdf Info: Output file is already uptodate.
 <figs/ode45_simple-eps-converted-to.pdf, id=855, 421.575pt x 316.18124pt>
File: figs/ode45_simple-eps-converted-to.pdf Graphic file (type pdf)

<use figs/ode45_simple-eps-converted-to.pdf>
Package pdftex.def Info: figs/ode45_simple-eps-converted-to.pdf used on input l
ine 5616.
(pdftex.def)             Requested size: 211.99632pt x 158.99377pt.

Underfull \hbox (badness 10000) in paragraph at lines 5619--5619
[][][] []$\OT1/cmtt/m/n/8 https : / / github . com / AllenDowney / PhysicalMode
lingInMATLAB / blob / master / code /
 []

Package epstopdf Info: Source file: <figs/ode45.eps>
(epstopdf)                    date: 2016-10-02 14:09:54
(epstopdf)                    size: 18157 bytes
(epstopdf)             Output file: <figs/ode45-eps-converted-to.pdf>
(epstopdf)                    date: 2016-10-02 14:09:54
(epstopdf)                    size: 6820 bytes
(epstopdf)             Command: <repstopdf --outfile=figs/ode45-eps-converted-t
o.pdf figs/ode45.eps>
(epstopdf)             \includegraphics on input line 5622.
Package epstopdf Info: Output file is already uptodate.
<figs/ode45-eps-converted-to.pdf, id=858, 421.575pt x 316.18124pt>
File: figs/ode45-eps-converted-to.pdf Graphic file (type pdf)

<use figs/ode45-eps-converted-to.pdf>
Package pdftex.def Info: figs/ode45-eps-converted-to.pdf used on input line 562
2.
(pdftex.def)             Requested size: 211.99632pt x 158.99377pt.
 [96 <./figs/ode45_simple-eps-converted-to.pdf> <./figs/ode45-eps-converted-to.
pdf>] [97] [98]
Package epstopdf Info: Source file: <figs/stiff.eps>
(epstopdf)                    date: 2016-10-02 14:09:54
(epstopdf)                    size: 12821 bytes
(epstopdf)             Output file: <figs/stiff-eps-converted-to.pdf>
(epstopdf)                    date: 2016-10-02 14:09:54
(epstopdf)                    size: 12750 bytes
(epstopdf)             Command: <repstopdf --outfile=figs/stiff-eps-converted-t
o.pdf figs/stiff.eps>
(epstopdf)             \includegraphics on input line 5751.
Package epstopdf Info: Output file is already uptodate.

<figs/stiff-eps-converted-to.pdf, id=887, 398.48875pt x 312.16624pt>
File: figs/stiff-eps-converted-to.pdf Graphic file (type pdf)

<use figs/stiff-eps-converted-to.pdf>
Package pdftex.def Info: figs/stiff-eps-converted-to.pdf used on input line 575
1.
(pdftex.def)             Requested size: 184.51097pt x 144.54pt.
 [99 <./figs/stiff-eps-converted-to.pdf>]
[100] [101] [102]
Chapter 9.
[103

] [104] [105] [106]
Package epstopdf Info: Source file: <figs/lotka.eps>
(epstopdf)                    date: 2016-10-02 14:09:54
(epstopdf)                    size: 19332 bytes
(epstopdf)             Output file: <figs/lotka-eps-converted-to.pdf>
(epstopdf)                    date: 2016-10-02 14:09:54
(epstopdf)                    size: 26743 bytes
(epstopdf)             Command: <repstopdf --outfile=figs/lotka-eps-converted-t
o.pdf figs/lotka.eps>
(epstopdf)             \includegraphics on input line 6201.
Package epstopdf Info: Output file is already uptodate.

<figs/lotka-eps-converted-to.pdf, id=937, 401.5pt x 312.16624pt>
File: figs/lotka-eps-converted-to.pdf Graphic file (type pdf)

<use figs/lotka-eps-converted-to.pdf>
Package pdftex.def Info: figs/lotka-eps-converted-to.pdf used on input line 620
1.
(pdftex.def)             Requested size: 185.90526pt x 144.54pt.
 [107] [108 <./figs/lotka-eps-converted-to.pdf>]
Package epstopdf Info: Source file: <figs/phase.eps>
(epstopdf)                    date: 2016-10-02 14:09:54
(epstopdf)                    size: 9625 bytes
(epstopdf)             Output file: <figs/phase-eps-converted-to.pdf>
(epstopdf)                    date: 2016-10-02 14:09:54
(epstopdf)                    size: 5898 bytes
(epstopdf)             Command: <repstopdf --outfile=figs/phase-eps-converted-t
o.pdf figs/phase.eps>
(epstopdf)             \includegraphics on input line 6305.
Package epstopdf Info: Output file is already uptodate.
 <figs/phase-eps-converted-to.pdf, id=951, 396.48125pt x 312.16624pt>
File: figs/phase-eps-converted-to.pdf Graphic file (type pdf)

<use figs/phase-eps-converted-to.pdf>
Package pdftex.def Info: figs/phase-eps-converted-to.pdf used on input line 630
5.
(pdftex.def)             Requested size: 183.58144pt x 144.54pt.
 [109 <./figs/phase-eps-converted-to.pdf>] [110] [111] [112

]
Chapter 10.
[113] [114]
Overfull \hbox (32.9967pt too wide) in paragraph at lines 6562--6562
[]    \OT1/cmtt/m/n/10 res = [dpdt; dvdt];    % pack the results in a column \i
ndex{vector}[] 
 []

[115]
Package epstopdf Info: Source file: <figs/freefall.eps>
(epstopdf)                    date: 2016-10-02 14:09:54
(epstopdf)                    size: 11613 bytes
(epstopdf)             Output file: <figs/freefall-eps-converted-to.pdf>
(epstopdf)                    date: 2016-10-02 14:09:54
(epstopdf)                    size: 10740 bytes
(epstopdf)             Command: <repstopdf --outfile=figs/freefall-eps-converte
d-to.pdf figs/freefall.eps>
(epstopdf)             \includegraphics on input line 6593.
Package epstopdf Info: Output file is already uptodate.
 <figs/freefall-eps-converted-to.pdf, id=996, 404.51125pt x 313.17pt>
File: figs/freefall-eps-converted-to.pdf Graphic file (type pdf)

<use figs/freefall-eps-converted-to.pdf>
Package pdftex.def Info: figs/freefall-eps-converted-to.pdf used on input line 
6593.
(pdftex.def)             Requested size: 186.70084pt x 144.54pt.
 [116 <./figs/freefall-eps-converted-to.pdf>]
Overfull \hbox (1.49698pt too wide) in paragraph at lines 6633--6633
[]    \OT1/cmtt/m/n/10 a_grav = -9.8;              % acceleration of gravity in
 m/s^2[] 
 []

Package epstopdf Info: Source file: <figs/freefall2.eps>
(epstopdf)                    date: 2016-10-02 14:09:54
(epstopdf)                    size: 11600 bytes
(epstopdf)             Output file: <figs/freefall2-eps-converted-to.pdf>
(epstopdf)                    date: 2016-10-02 14:09:54
(epstopdf)                    size: 10387 bytes
(epstopdf)             Command: <repstopdf --outfile=figs/freefall2-eps-convert
ed-to.pdf figs/freefall2.eps>
(epstopdf)             \includegraphics on input line 6647.
Package epstopdf Info: Output file is already uptodate.
<figs/freefall2-eps-converted-to.pdf, id=1007, 404.51125pt x 313.17pt>
File: figs/freefall2-eps-converted-to.pdf Graphic file (type pdf)

<use figs/freefall2-eps-converted-to.pdf>
Package pdftex.def Info: figs/freefall2-eps-converted-to.pdf used on input line
 6647.
(pdftex.def)             Requested size: 186.70084pt x 144.54pt.
 [117 <./figs/freefall2-eps-converted-to.pdf>] [118]
Package epstopdf Info: Source file: <figs/proj1_10s.eps>
(epstopdf)                    date: 2016-10-02 14:09:54
(epstopdf)                    size: 88267 bytes
(epstopdf)             Output file: <figs/proj1_10s-eps-converted-to.pdf>
(epstopdf)                    date: 2016-10-02 14:09:54
(epstopdf)                    size: 14699 bytes
(epstopdf)             Command: <repstopdf --outfile=figs/proj1_10s-eps-convert
ed-to.pdf figs/proj1_10s.eps>
(epstopdf)             \includegraphics on input line 6763.
Package epstopdf Info: Output file is already uptodate.

<figs/proj1_10s-eps-converted-to.pdf, id=1030, 421.575pt x 316.18124pt>
File: figs/proj1_10s-eps-converted-to.pdf Graphic file (type pdf)

<use figs/proj1_10s-eps-converted-to.pdf>
Package pdftex.def Info: figs/proj1_10s-eps-converted-to.pdf used on input line
 6763.
(pdftex.def)             Requested size: 192.72392pt x 144.54pt.
 [119 <./figs/proj1_10s-eps-converted-to.pdf>] [120] [121] [122] [123] [124

]
Chapter 11.

Overfull \hbox (52.74678pt too wide) in paragraph at lines 7025--7025
 []    \OT1/cmtt/m/n/10 isterminal = 1;      % Stop the integration if height c
rosses zero.[] 
 []


Overfull \hbox (15.9971pt too wide) in paragraph at lines 7025--7025
 []    \OT1/cmtt/m/n/10 direction = -1;      % But only if the height is decrea
sing.[] 
 []

[125]
Underfull \hbox (badness 1533) in paragraph at lines 7039--7045
[]\OT1/cmtt/m/n/10 isterminal \OT1/cmr/m/n/10 de-ter-mines what hap-pens when a
n event oc-curs. If
 []

[126]
Package epstopdf Info: Source file: <figs/secant.eps>
(epstopdf)                    date: 2016-10-02 14:09:54
(epstopdf)                    size: 3658 bytes
(epstopdf)             Output file: <figs/secant-eps-converted-to.pdf>
(epstopdf)                    date: 2016-10-02 14:09:54
(epstopdf)                    size: 4317 bytes
(epstopdf)             Command: <repstopdf --outfile=figs/secant-eps-converted-
to.pdf figs/secant.eps>
(epstopdf)             \includegraphics on input line 7105.
Package epstopdf Info: Output file is already uptodate.
File: figs/secant-eps-converted-to.pdf Graphic file (type pdf)
 <use figs/secant-eps-converted-to.pdf>
Package pdftex.def Info: figs/secant-eps-converted-to.pdf used on input line 71
05.
(pdftex.def)             Requested size: 141.50848pt x 108.405pt.
Package epstopdf Info: Source file: <figs/golden1.eps>
(epstopdf)                    date: 2016-10-02 14:09:54
(epstopdf)                    size: 3892 bytes
(epstopdf)             Output file: <figs/golden1-eps-converted-to.pdf>
(epstopdf)                    date: 2016-10-02 14:09:54
(epstopdf)                    size: 4235 bytes
(epstopdf)             Command: <repstopdf --outfile=figs/golden1-eps-converted
-to.pdf figs/golden1.eps>
(epstopdf)             \includegraphics on input line 7125.
Package epstopdf Info: Output file is already uptodate.

<figs/golden1-eps-converted-to.pdf, id=1084, 218.8175pt x 157.58875pt>
File: figs/golden1-eps-converted-to.pdf Graphic file (type pdf)

<use figs/golden1-eps-converted-to.pdf>
Package pdftex.def Info: figs/golden1-eps-converted-to.pdf used on input line 7
125.
(pdftex.def)             Requested size: 150.52345pt x 108.405pt.
 [127 <./figs/golden1-eps-converted-to.pdf>]
Package epstopdf Info: Source file: <figs/golden2.eps>
(epstopdf)                    date: 2016-10-02 14:09:54
(epstopdf)                    size: 5076 bytes
(epstopdf)             Output file: <figs/golden2-eps-converted-to.pdf>
(epstopdf)                    date: 2016-10-02 14:09:54
(epstopdf)                    size: 4663 bytes
(epstopdf)             Command: <repstopdf --outfile=figs/golden2-eps-converted
-to.pdf figs/golden2.eps>
(epstopdf)             \includegraphics on input line 7137.
Package epstopdf Info: Output file is already uptodate.
 <figs/golden2-eps-converted-to.pdf, id=1094, 484.81125pt x 180.675pt>
File: figs/golden2-eps-converted-to.pdf Graphic file (type pdf)

<use figs/golden2-eps-converted-to.pdf>
Package pdftex.def Info: figs/golden2-eps-converted-to.pdf used on input line 7
137.
(pdftex.def)             Requested size: 290.88899pt x 108.405pt.
 [128 <./figs/golden2-eps-converted-to.pdf>]
Underfull \hbox (badness 2035) in paragraph at lines 7207--7212
\OT1/cmr/m/it/10 the Golden Sec-tion Search ([]$\OT1/cmtt/m/it/10 https : / / e
n . wikipedia . org / wiki / Golden _
 []

[129] [130] [131]
Package epstopdf Info: Source file: <figs/ratplot.eps>
(epstopdf)                    date: 2016-10-02 14:09:54
(epstopdf)                    size: 21513 bytes
(epstopdf)             Output file: <figs/ratplot-eps-converted-to.pdf>
(epstopdf)                    date: 2016-10-02 14:09:54
(epstopdf)                    size: 6031 bytes
(epstopdf)             Command: <repstopdf --outfile=figs/ratplot-eps-converted
-to.pdf figs/ratplot.eps>
(epstopdf)             \includegraphics on input line 7416.
Package epstopdf Info: Output file is already uptodate.

<figs/ratplot-eps-converted-to.pdf, id=1123, 715.67375pt x 316.18124pt>
File: figs/ratplot-eps-converted-to.pdf Graphic file (type pdf)

<use figs/ratplot-eps-converted-to.pdf>
Package pdftex.def Info: figs/ratplot-eps-converted-to.pdf used on input line 7
416.
(pdftex.def)             Requested size: 332.44632pt x 158.99724pt.

Underfull \vbox (badness 1454) has occurred while \output is active []

 [132]
Package epstopdf Info: Source file: <figs/ratplot2.eps>
(epstopdf)                    date: 2016-10-02 14:09:54
(epstopdf)                    size: 9745 bytes
(epstopdf)             Output file: <figs/ratplot2-eps-converted-to.pdf>
(epstopdf)                    date: 2016-10-02 14:09:54
(epstopdf)                    size: 5667 bytes
(epstopdf)             Command: <repstopdf --outfile=figs/ratplot2-eps-converte
d-to.pdf figs/ratplot2.eps>
(epstopdf)             \includegraphics on input line 7426.
Package epstopdf Info: Output file is already uptodate.

<figs/ratplot2-eps-converted-to.pdf, id=1128, 411.5375pt x 328.22626pt>
File: figs/ratplot2-eps-converted-to.pdf Graphic file (type pdf)

<use figs/ratplot2-eps-converted-to.pdf>
Package pdftex.def Info: figs/ratplot2-eps-converted-to.pdf used on input line 
7426.
(pdftex.def)             Requested size: 289.07901pt x 144.54019pt.
 [133 <./figs/ratplot-eps-converted-to.pdf> <./figs/ratplot2-eps-converted-to.p
df>] [134] [135] [136

]
Chapter 12.
[137] [138] [139]
Underfull \hbox (badness 10000) in paragraph at lines 7802--7805
[]\OT1/cmr/bx/n/10 Exercise 12.2 \OT1/cmr/m/it/10 En-cap-su-late these state-me
nts in a func-tion named
 []


Underfull \hbox (badness 1694) in paragraph at lines 7802--7805
\OT1/cmtt/m/n/10 gravity[]force[]func \OT1/cmr/m/it/10 that takes \OT1/cmtt/m/n
/10 P1\OT1/cmr/m/it/10 , \OT1/cmtt/m/n/10 m1\OT1/cmr/m/it/10 , \OT1/cmtt/m/n/10
 P2\OT1/cmr/m/it/10 , and \OT1/cmtt/m/n/10 m2 \OT1/cmr/m/it/10 as in-put vari-a
bles
 []

[140]
Overfull \hbox (22.4968pt too wide) in paragraph at lines 7845--7845
[]    \OT1/cmtt/m/n/10 minmax = [min([X1;X2]), max([X1;X2]), min([Y1;Y2]), max(
[Y1;Y2])];[] 
 []

[141] [142] [143] [144] [145] (./book.ind [146



])
Package atveryend Info: Empty hook `BeforeClearDocument' on input line 8124.
Package atveryend Info: Empty hook `AfterLastShipout' on input line 8124.
 (./book.aux)
Package atveryend Info: Executing hook `AtVeryEndDocument' on input line 8124.
Package atveryend Info: Empty hook `AtEndAfterFileList' on input line 8124.
Package atveryend Info: Empty hook `AtVeryVeryEnd' on input line 8124.
 ) 
Here is how much of TeX's memory you used:
 7396 strings out of 494446
 103482 string characters out of 6168612
 186626 words of memory out of 5000000
 10205 multiletter control sequences out of 15000+600000
 16578 words of font info for 65 fonts, out of 8000000 for 9000
 319 hyphenation exceptions out of 8191
 35i,11n,43p,239b,532s stack positions out of 5000i,500n,10000p,200000b,80000s
</opt/texlive/2016/texmf-dist/fonts/type1/public/amsfonts/cm/cmbx10.pfb></opt
/texlive/2016/texmf-dist/fonts/type1/public/amsfonts/cm/cmbx12.pfb></opt/texliv
e/2016/texmf-dist/fonts/type1/public/amsfonts/cm/cmex10.pfb></opt/texlive/2016/
texmf-dist/fonts/type1/public/amsfonts/cmextra/cmex7.pfb></opt/texlive/2016/tex
mf-dist/fonts/type1/public/amsfonts/cm/cmitt10.pfb></opt/texlive/2016/texmf-dis
t/fonts/type1/public/amsfonts/cm/cmmi10.pfb></opt/texlive/2016/texmf-dist/fonts
/type1/public/amsfonts/cm/cmmi5.pfb></opt/texlive/2016/texmf-dist/fonts/type1/p
ublic/amsfonts/cm/cmmi7.pfb></opt/texlive/2016/texmf-dist/fonts/type1/public/am
sfonts/cm/cmr10.pfb></opt/texlive/2016/texmf-dist/fonts/type1/public/amsfonts/c
m/cmr12.pfb></opt/texlive/2016/texmf-dist/fonts/type1/public/amsfonts/cm/cmr17.
pfb></opt/texlive/2016/texmf-dist/fonts/type1/public/amsfonts/cm/cmr5.pfb></opt
/texlive/2016/texmf-dist/fonts/type1/public/amsfonts/cm/cmr7.pfb></opt/texlive/
2016/texmf-dist/fonts/type1/public/amsfonts/cm/cmr8.pfb></opt/texlive/2016/texm
f-dist/fonts/type1/public/amsfonts/cm/cmss10.pfb></opt/texlive/2016/texmf-dist/
fonts/type1/public/amsfonts/cm/cmsy10.pfb></opt/texlive/2016/texmf-dist/fonts/t
ype1/public/amsfonts/cm/cmsy5.pfb></opt/texlive/2016/texmf-dist/fonts/type1/pub
lic/amsfonts/cm/cmsy6.pfb></opt/texlive/2016/texmf-dist/fonts/type1/public/amsf
onts/cm/cmsy7.pfb></opt/texlive/2016/texmf-dist/fonts/type1/public/amsfonts/cm/
cmti10.pfb></opt/texlive/2016/texmf-dist/fonts/type1/public/amsfonts/cm/cmti8.p
fb></opt/texlive/2016/texmf-dist/fonts/type1/public/amsfonts/cm/cmtt10.pfb></op
t/texlive/2016/texmf-dist/fonts/type1/public/amsfonts/cm/cmtt12.pfb></opt/texli
ve/2016/texmf-dist/fonts/type1/public/amsfonts/cm/cmtt8.pfb>
Output written on book.pdf (156 pages, 701584 bytes).
PDF statistics:
 1865 PDF objects out of 2073 (max. 8388607)
 1636 compressed objects within 17 object streams
 402 named destinations out of 1000 (max. 500000)
 1228 words of extra memory for PDF output out of 10000 (max. 10000000)

